# JRE version: Java(TM) SE Runtime Environment 18.9 (11.0.13+10) (build 11.0.13+10-LTS-370)
# Java VM: Java HotSpot(TM) 64-Bit Server VM 18.9 (11.0.13+10-LTS-370, mixed mode, tiered, compressed oops, g1 gc, bsd-amd64)
Heap:
 garbage-first heap   total 131072K, used 15510K [0x0000000780000000, 0x0000000800000000)
  region size 1024K, 8 young (8192K), 5 survivors (5120K)
 Metaspace       used 28547K, capacity 29890K, committed 29952K, reserved 1075200K
  class space    used 3741K, capacity 4316K, committed 4352K, reserved 1048576K
GC Heap History (6 events):
Event: 0.504 GC heap before
{Heap before GC invocations=0 (full 0):
 garbage-first heap   total 131072K, used 14336K [0x0000000780000000, 0x0000000800000000)
  region size 1024K, 14 young (14336K), 0 survivors (0K)
 Metaspace       used 8639K, capacity 8921K, committed 9216K, reserved 1056768K
  class space    used 858K, capacity 972K, committed 1024K, reserved 1048576K
}
Event: 0.506 GC heap after
{Heap after GC invocations=1 (full 0):
 garbage-first heap   total 131072K, used 1704K [0x0000000780000000, 0x0000000800000000)
  region size 1024K, 2 young (2048K), 2 survivors (2048K)
 Metaspace       used 8639K, capacity 8921K, committed 9216K, reserved 1056768K
  class space    used 858K, capacity 972K, committed 1024K, reserved 1048576K
}
Event: 1.376 GC heap before
{Heap before GC invocations=1 (full 0):
 garbage-first heap   total 131072K, used 37544K [0x0000000780000000, 0x0000000800000000)
  region size 1024K, 38 young (38912K), 2 survivors (2048K)
 Metaspace       used 20533K, capacity 21110K, committed 21248K, reserved 1067008K
  class space    used 2493K, capacity 2757K, committed 2816K, reserved 1048576K
}
Event: 1.387 GC heap after
{Heap after GC invocations=2 (full 0):
 garbage-first heap   total 131072K, used 6853K [0x0000000780000000, 0x0000000800000000)
  region size 1024K, 7 young (7168K), 7 survivors (7168K)
 Metaspace       used 20533K, capacity 21110K, committed 21248K, reserved 1067008K
  class space    used 2493K, capacity 2757K, committed 2816K, reserved 1048576K
}
Event: 523.189 GC heap before
{Heap before GC invocations=3 (full 0):
 garbage-first heap   total 131072K, used 47813K [0x0000000780000000, 0x0000000800000000)
  region size 1024K, 45 young (46080K), 7 survivors (7168K)
 Metaspace       used 28089K, capacity 29414K, committed 29568K, reserved 1075200K
  class space    used 3681K, capacity 4221K, committed 4224K, reserved 1048576K
}
Event: 523.227 GC heap after
{Heap after GC invocations=4 (full 0):
 garbage-first heap   total 131072K, used 13462K [0x0000000780000000, 0x0000000800000000)
  region size 1024K, 5 young (5120K), 5 survivors (5120K)
 Metaspace       used 28089K, capacity 29414K, committed 29568K, reserved 1075200K
  class space    used 3681K, capacity 4221K, committed 4224K, reserved 1048576K
}

